<?xml version="1.0" encoding="UTF-8" ?>
<testsuite failures="0" time="0" errors="0" skipped="0" tests="14" name="dcll.iParser.iParser.QuestionTest">
  <properties>
[...]
</properties>
  <testcase time="0" classname="dcll.iParser.iParser.QuestionTest" name="testNbReponsesCorrecteMultiple"/>
  <testcase time="0" classname="dcll.iParser.iParser.QuestionTest" name="testReponseCorrecteSIMPLE"/>
  <testcase time="0" classname="dcll.iParser.iParser.QuestionTest" name="testReponseFausseSIMPLE"/>
  <testcase time="0" classname="dcll.iParser.iParser.QuestionTest" name="testReponseCorrecteMULTIPLE"/>
  <testcase time="0" classname="dcll.iParser.iParser.QuestionTest" name="testReponseFausseMULTIPLE"/>
  <testcase time="0" classname="dcll.iParser.iParser.QuestionTest" name="testReponseFausseMULTIPLE2"/>
  <testcase time="0" classname="dcll.iParser.iParser.QuestionTest" name="testNbReponsesCorrecteSIMPLE"/>
  <testcase time="0" classname="dcll.iParser.iParser.QuestionTest" name="testGetIndiceOfNormal"/>
  <testcase time="0" classname="dcll.iParser.iParser.QuestionTest" name="testGetIndiceOfInconnu"/>
  <testcase time="0" classname="dcll.iParser.iParser.QuestionTest" name="testAjoutReponse"/>
  <testcase time="0" classname="dcll.iParser.iParser.QuestionTest" name="testResultOfSizeZero"/>
  <testcase time="0" classname="dcll.iParser.iParser.QuestionTest" name="testGetQuestionText"/>
  <testcase time="0" classname="dcll.iParser.iParser.QuestionTest" name="testtoString"/>
  <testcase time="0" classname="dcll.iParser.iParser.QuestionTest" name="testGetIeme"/>
</testsuite>